Database connection failed: Error
    at Query.run (C:\Users\nisha\Desktop\lastupdateERP1\mpma-erp-system\backend\node_modules\sequelize\src\dialects\mysql\query.js:46:25)
    at C:\Users\nisha\Desktop\lastupdateERP1\mpma-erp-system\backend\node_modules\sequelize\src\sequelize.js:650:28
    at processTicksAndRejections (node:internal/process/task_queues:103:5)
    at async Student.sync (C:\Users\nisha\Desktop\lastupdateERP1\mpma-erp-system\backend\node_modules\sequelize\src\model.js:1408:11) {
  name: 'SequelizeDatabaseError',
  parent: Error: Too many keys specified; max 64 keys allowed
      at Packet.asError (C:\Users\nisha\Desktop\lastupdateERP1\mpma-erp-system\backend\node_modules\mysql2\lib\packets\packet.js:788:17)
      at Query.execute (C:\Users\nisha\Desktop\lastupdateERP1\mpma-erp-system\backend\node_modules\mysql2\lib\commands\command.js:29:26)
      at Connection.handlePacket (C:\Users\nisha\Desktop\lastupdateERP1\mpma-erp-system\backend\node_modules\mysql2\lib\base\connection.js:552:34)
      at PacketParser.onPacket (C:\Users\nisha\Desktop\lastupdateERP1\mpma-erp-system\backend\node_modules\mysql2\lib\base\connection.js:102:12)
      at PacketParser.executeStart (C:\Users\nisha\Desktop\lastupdateERP1\mpma-erp-system\backend\node_modules\mysql2\lib\packet_parser.js:75:16)
      at Socket.<anonymous> (C:\Users\nisha\Desktop\lastupdateERP1\mpma-erp-system\backend\node_modules\mysql2\lib\base\connection.js:109:25)
      at Socket.emit (node:events:508:28)
      at Socket.emit (node:domain:489:12)
      at addChunk (node:internal/streams/readable:559:12)
      at readableAddChunkPushByteMode (node:internal/streams/readable:510:3) {
    code: 'ER_TOO_MANY_KEYS',
    errno: 1069,
    sqlState: '42000',
    sqlMessage: 'Too many keys specified; max 64 keys allowed',
    sql: 'ALTER TABLE `students` CHANGE `email` `email` VARCHAR(255) NOT NULL UNIQUE;',
    parameters: undefined
  },
  original: Error: Too many keys specified; max 64 keys allowed
      at Packet.asError (C:\Users\nisha\Desktop\lastupdateERP1\mpma-erp-system\backend\node_modules\mysql2\lib\packets\packet.js:788:17)
      at Query.execute (C:\Users\nisha\Desktop\lastupdateERP1\mpma-erp-system\backend\node_modules\mysql2\lib\commands\command.js:29:26)
      at Connection.handlePacket (C:\Users\nisha\Desktop\lastupdateERP1\mpma-erp-system\backend\node_modules\mysql2\lib\base\connection.js:552:34)
      at PacketParser.onPacket (C:\Users\nisha\Desktop\lastupdateERP1\mpma-erp-system\backend\node_modules\mysql2\lib\base\connection.js:102:12)
      at PacketParser.executeStart (C:\Users\nisha\Desktop\lastupdateERP1\mpma-erp-system\backend\node_modules\mysql2\lib\packet_parser.js:75:16)
      at Socket.<anonymous> (C:\Users\nisha\Desktop\lastupdateERP1\mpma-erp-system\backend\node_modules\mysql2\lib\base\connection.js:109:25)
      at Socket.emit (node:events:508:28)
      at Socket.emit (node:domain:489:12)
      at addChunk (node:internal/streams/readable:559:12)
      at readableAddChunkPushByteMode (node:internal/streams/readable:510:3) {
    code: 'ER_TOO_MANY_KEYS',
    errno: 1069,
    sqlState: '42000',
    sqlMessage: 'Too many keys specified; max 64 keys allowed',
    sql: 'ALTER TABLE `students` CHANGE `email` `email` VARCHAR(255) NOT NULL UNIQUE;',
    parameters: undefined
  },
  sql: 'ALTER TABLE `students` CHANGE `email` `email` VARCHAR(255) NOT NULL UNIQUE;',
  parameters: {}
}
